<?xml version="1.0" encoding="UTF-8"?>
<testsuites name="WebServiceTests" time="10" tests="0" failures="1" errors="0">
   <testsuite name="WebServiceTests" tests="0" failures="1" errors="0" time="10" timestamp="2018-07-29 23:18:24" hostname="Ahmed - Lenovo-PC" id="Test Suites/API/WebServiceTests">
      <properties>
         <property name="deviceName" value=""/>
         <property name="devicePlatform" value=""/>
         <property name="logFolder" value="C:\\Users\\Ahmed\\Katalon Studio\\FirstRun\\Reports\\API\\WebServiceTests\\20180729_231815"/>
         <property name="logFiles" value="C:\\Users\\Ahmed\\Katalon Studio\\FirstRun\\Reports\\API\\WebServiceTests\\20180729_231815\\execution0.log"/>
         <property name="attachments" value=""/>
         <property name="hostName" value="Ahmed - Lenovo-PC"/>
         <property name="hostAddress" value="192.168.1.2"/>
         <property name="os" value="Windows 8.1 64bit"/>
         <property name="katalonVersion" value="5.5.0.1"/>
      </properties>
      <testcase name="Test Cases/WebserviceTest/GET/VerifyNameById" classname="Test Cases/WebserviceTest/GET/VerifyNameById" status="FAILED">
         <failure type="FAILED" message="Unable to verify element property value (Root cause: Expected element property value 'Caroline' is not equal with actual property value 'Makayla')"/>
         <system-out><![CDATA[2018-07-29 23:18:27 - [TEST_CASE][FAILED] - Test Cases/WebserviceTest/GET/VerifyNameById: Test Cases/WebserviceTest/GET/VerifyNameById FAILED because (of) Unable to verify element property value (Root cause: Expected element property value 'Caroline' is not equal with actual property value 'Makayla')

2018-07-29 23:18:27 - [TEST_STEP][PASSED] - Start listener action : sampleBeforeTestCase: Invoke 'com.kms.katalon.core.annotation.BeforeTestCase' method: 'GeneralListeners.sampleBeforeTestCase(...)' completed.

2018-07-29 23:18:27 - [TEST_STEP][PASSED] - Statement - println(testCaseContext.getTestCaseId()): null

2018-07-29 23:18:27 - [TEST_STEP][PASSED] - Statement - println(testCaseContext.getTestCaseVariables()): Invoke 'com.kms.katalon.core.annotation.BeforeTestCase' method: 'GeneralListeners.sampleBeforeTestCase(...)' completed.

2018-07-29 23:18:28 - [TEST_STEP][PASSED] - Statement - request = com.kms.katalon.core.testobject.ObjectRepository.findTestObject(API/GetUsers): Finding Test Object with id 'Object Repository/API/GetUsers'

2018-07-29 23:18:28 - [TEST_STEP][PASSED] - Statement - response = <not implemented yet for class: org.codehaus.groovy.ast.expr.EmptyExpression>: null

2018-07-29 23:18:28 - [TEST_STEP][PASSED] - Statement - params = new java.util.ArrayList(): null

2018-07-29 23:18:28 - [TEST_STEP][FAILED] - Statement - For ([row = 1, row <= com.kms.katalon.core.testdata.TestDataFactory.findTestData(UserData).getRowNumbers(), (row++)]): Unable to verify element property value (Root cause: Expected element property value 'Caroline' is not equal with actual property value 'Makayla')

2018-07-29 23:18:29 - [TEST_STEP][PASSED] - Statement - params.add(new com.kms.katalon.core.testobject.TestObjectProperty(id, com.kms.katalon.core.testobject.ConditionType.EQUALS, com.kms.katalon.core.testdata.TestDataFactory.findTestData(UserData).getValue(id, row))): Reading excel file with source file 'C:\Users\Ahmed\Katalon Studio\FirstRun\Data Files\Appointments.xlsx' and sheet name 'Sheet2'

2018-07-29 23:18:30 - [TEST_STEP][PASSED] - Statement - request.setRestParameters(params): null

2018-07-29 23:18:30 - [TEST_STEP][PASSED] - Statement - response = com.kms.katalon.core.webservice.keyword.WSBuiltInKeywords.sendRequest(request): Send request successfully

2018-07-29 23:18:30 - [MESSAGE][PASSED] - Send request successfully

2018-07-29 23:18:30 - [TEST_STEP][PASSED] - verifyResponseStatusCode: Verify response status code successfully

2018-07-29 23:18:30 - [MESSAGE][PASSED] - Verify response status code successfully

2018-07-29 23:18:30 - [TEST_STEP][PASSED] - verifyElementPropertyValue: Verify element property value successfully

2018-07-29 23:18:32 - [MESSAGE][PASSED] - Verify element property value successfully

2018-07-29 23:18:32 - [TEST_STEP][PASSED] - verifyElementsCount: Verify element count successfully

2018-07-29 23:18:32 - [MESSAGE][PASSED] - Verify element count successfully

2018-07-29 23:18:32 - [TEST_STEP][PASSED] - Statement - params.clear(): Reading excel file with source file 'C:\Users\Ahmed\Katalon Studio\FirstRun\Data Files\Appointments.xlsx' and sheet name 'Sheet2'

2018-07-29 23:18:33 - [TEST_STEP][PASSED] - Statement - params.add(new com.kms.katalon.core.testobject.TestObjectProperty(id, com.kms.katalon.core.testobject.ConditionType.EQUALS, com.kms.katalon.core.testdata.TestDataFactory.findTestData(UserData).getValue(id, row))): Reading excel file with source file 'C:\Users\Ahmed\Katalon Studio\FirstRun\Data Files\Appointments.xlsx' and sheet name 'Sheet2'

2018-07-29 23:18:33 - [TEST_STEP][PASSED] - Statement - request.setRestParameters(params): null

2018-07-29 23:18:33 - [TEST_STEP][PASSED] - Statement - response = com.kms.katalon.core.webservice.keyword.WSBuiltInKeywords.sendRequest(request): Send request successfully

2018-07-29 23:18:33 - [MESSAGE][PASSED] - Send request successfully

2018-07-29 23:18:33 - [TEST_STEP][PASSED] - verifyResponseStatusCode: Verify response status code successfully

2018-07-29 23:18:33 - [MESSAGE][PASSED] - Verify response status code successfully

2018-07-29 23:18:33 - [TEST_STEP][FAILED] - verifyElementPropertyValue: Unable to verify element property value (Root cause: Expected element property value 'Caroline' is not equal with actual property value 'Makayla')

2018-07-29 23:18:33 - [MESSAGE][FAILED] - Expected element property value 'Caroline' is not equal with actual property value 'Makayla'

2018-07-29 23:18:33 - [MESSAGE][FAILED] - Unable to verify element property value (Root cause: Expected element property value 'Caroline' is not equal with actual property value 'Makayla')

2018-07-29 23:18:34 - [TEST_STEP][PASSED] - Start listener action : sampleAfterTestCase: Invoke 'com.kms.katalon.core.annotation.AfterTestCase' method: 'GeneralListeners.sampleAfterTestCase(...)' completed.

2018-07-29 23:18:34 - [TEST_STEP][PASSED] - Statement - println(testCaseContext.getTestCaseId()): null

2018-07-29 23:18:34 - [TEST_STEP][PASSED] - Statement - println(testCaseContext.getTestCaseStatus()): Invoke 'com.kms.katalon.core.annotation.AfterTestCase' method: 'GeneralListeners.sampleAfterTestCase(...)' completed.]]></system-out>
         <system-err><![CDATA[2018-07-29 23:18:27 - [TEST_CASE][FAILED] - Test Cases/WebserviceTest/GET/VerifyNameById: Test Cases/WebserviceTest/GET/VerifyNameById FAILED because (of) Unable to verify element property value (Root cause: Expected element property value 'Caroline' is not equal with actual property value 'Makayla')]]></system-err>
      </testcase>
      <system-out><![CDATA[2018-07-29 23:18:24 - [TEST_SUITE][FAILED] - WebServiceTests: Test Cases/WebserviceTest/GET/VerifyNameById FAILED because (of) Unable to verify element property value (Root cause: Expected element property value 'Caroline' is not equal with actual property value 'Makayla')]]></system-out>
      <system-err><![CDATA[2018-07-29 23:18:24 - [TEST_SUITE][FAILED] - WebServiceTests: Test Cases/WebserviceTest/GET/VerifyNameById FAILED because (of) Unable to verify element property value (Root cause: Expected element property value 'Caroline' is not equal with actual property value 'Makayla')]]></system-err>
   </testsuite>
</testsuites>
