<?xml version="1.0" encoding="UTF-8"?>
<testsuites name="WebServiceTests" time="5" tests="2" failures="1" errors="0">
   <testsuite name="WebServiceTests" tests="2" failures="1" errors="0" time="5" timestamp="2018-08-20 15:18:49" hostname="Ahmed - Lenovo-PC" id="Test Suites/API/WebServiceTests">
      <properties>
         <property name="deviceName" value=""/>
         <property name="devicePlatform" value=""/>
         <property name="logFolder" value="C:\\Users\\Ahmed\\Katalon Studio\\FirstRun\\Reports\\API\\WebServiceTests\\20180820_151829"/>
         <property name="logFiles" value="C:\\Users\\Ahmed\\Katalon Studio\\FirstRun\\Reports\\API\\WebServiceTests\\20180820_151829\\execution0.log"/>
         <property name="attachments" value=""/>
         <property name="hostName" value="Ahmed - Lenovo-PC"/>
         <property name="hostAddress" value="192.168.1.6"/>
         <property name="os" value="Windows 8.1 64bit"/>
         <property name="katalonVersion" value="5.6.0.1"/>
      </properties>
      <testcase name="Test Cases/WebserviceTest/POST/CreateUser" classname="Test Cases/WebserviceTest/POST/CreateUser" status="PASSED">
         <system-out><![CDATA[2018-08-20 15:18:50 - [TEST_CASE][PASSED] - Test Cases/WebserviceTest/POST/CreateUser: Test Cases/WebserviceTest/POST/CreateUser

2018-08-20 15:18:50 - [TEST_STEP][PASSED] - Start listener action : sampleBeforeTestCase: Invoke 'com.kms.katalon.core.annotation.BeforeTestCase' method: 'GeneralListeners.sampleBeforeTestCase(...)' completed.

2018-08-20 15:18:50 - [TEST_STEP][PASSED] - Statement - println(testCaseContext.getTestCaseId()): null

2018-08-20 15:18:50 - [TEST_STEP][PASSED] - Statement - println(testCaseContext.getTestCaseVariables()): Invoke 'com.kms.katalon.core.annotation.BeforeTestCase' method: 'GeneralListeners.sampleBeforeTestCase(...)' completed.

2018-08-20 15:18:50 - [TEST_STEP][PASSED] - Statement - responseAddUser = <not implemented yet for class: org.codehaus.groovy.ast.expr.EmptyExpression>: null

2018-08-20 15:18:50 - [TEST_STEP][PASSED] - Statement - requestAddUser = <not implemented yet for class: org.codehaus.groovy.ast.expr.EmptyExpression>: null

2018-08-20 15:18:50 - [TEST_STEP][PASSED] - Statement - faker = new com.ahmedsoft.utilities.DataFactory(): null

2018-08-20 15:18:51 - [TEST_STEP][PASSED] - Statement - body = faker.createStringifiedUser(): null

2018-08-20 15:18:51 - [TEST_STEP][PASSED] - Statement - user = faker.jsonifyUser(body, com.ahmedsoft.utilities.User): null

2018-08-20 15:18:51 - [TEST_STEP][PASSED] - Statement - requestAddUser = com.kms.katalon.core.testobject.ObjectRepository.findTestObject(Object Repository/API/AddUser): Finding Test Object with id 'Object Repository/API/AddUser'

2018-08-20 15:18:51 - [TEST_STEP][PASSED] - Statement - requestAddUser.setBodyContent(new com.kms.katalon.core.testobject.impl.HttpTextBodyContent(body, UTF-8, application/json)): null

2018-08-20 15:18:51 - [TEST_STEP][PASSED] - Statement - responseAddUser = com.kms.katalon.core.webservice.keyword.WSBuiltInKeywords.sendRequest(requestAddUser): Send request successfully

2018-08-20 15:18:51 - [MESSAGE][PASSED] - Send request successfully

2018-08-20 15:18:51 - [TEST_STEP][PASSED] - Statement - newUser = faker.jsonifyUser(responseAddUser.getResponseText(), com.ahmedsoft.utilities.User): null

2018-08-20 15:18:51 - [TEST_STEP][PASSED] - verifyEqual: Actual object 'com.ahmedsoft.utilities.User@17759b' and expected object 'com.ahmedsoft.utilities.User@17759b' are equal

2018-08-20 15:18:51 - [MESSAGE][PASSED] - Actual object 'com.ahmedsoft.utilities.User@17759b' and expected object 'com.ahmedsoft.utilities.User@17759b' are equal

2018-08-20 15:18:51 - [TEST_STEP][PASSED] - verifyResponseStatusCode: Verify response status code successfully

2018-08-20 15:18:51 - [MESSAGE][PASSED] - Verify response status code successfully

2018-08-20 15:18:51 - [TEST_STEP][PASSED] - Start listener action : sampleAfterTestCase: Invoke 'com.kms.katalon.core.annotation.AfterTestCase' method: 'GeneralListeners.sampleAfterTestCase(...)' completed.

2018-08-20 15:18:51 - [TEST_STEP][PASSED] - Statement - println(testCaseContext.getTestCaseId()): null

2018-08-20 15:18:52 - [TEST_STEP][PASSED] - Statement - println(testCaseContext.getTestCaseStatus()): Invoke 'com.kms.katalon.core.annotation.AfterTestCase' method: 'GeneralListeners.sampleAfterTestCase(...)' completed.]]></system-out>
         <system-err><![CDATA[]]></system-err>
      </testcase>
      <testcase name="Test Cases/WebserviceTest/GET/VerifyNameById" classname="Test Cases/WebserviceTest/GET/VerifyNameById" status="FAILED">
         <failure type="FAILED" message="Unable to verify element property value (Root cause: java.lang.NullPointerException: Cannot get property 'name' on null object)"/>
         <system-out><![CDATA[2018-08-20 15:18:52 - [TEST_CASE][FAILED] - Test Cases/WebserviceTest/GET/VerifyNameById: Test Cases/WebserviceTest/GET/VerifyNameById FAILED because (of) Unable to verify element property value (Root cause: java.lang.NullPointerException: Cannot get property 'name' on null object)

2018-08-20 15:18:52 - [TEST_STEP][PASSED] - Start listener action : sampleBeforeTestCase: Invoke 'com.kms.katalon.core.annotation.BeforeTestCase' method: 'GeneralListeners.sampleBeforeTestCase(...)' completed.

2018-08-20 15:18:52 - [TEST_STEP][PASSED] - Statement - println(testCaseContext.getTestCaseId()): null

2018-08-20 15:18:52 - [TEST_STEP][PASSED] - Statement - println(testCaseContext.getTestCaseVariables()): Invoke 'com.kms.katalon.core.annotation.BeforeTestCase' method: 'GeneralListeners.sampleBeforeTestCase(...)' completed.

2018-08-20 15:18:52 - [TEST_STEP][PASSED] - Statement - request = <not implemented yet for class: org.codehaus.groovy.ast.expr.EmptyExpression>: null

2018-08-20 15:18:52 - [TEST_STEP][PASSED] - Statement - response = <not implemented yet for class: org.codehaus.groovy.ast.expr.EmptyExpression>: null

2018-08-20 15:18:52 - [TEST_STEP][PASSED] - Statement - params = new java.util.ArrayList(): null

2018-08-20 15:18:52 - [TEST_STEP][FAILED] - Statement - For ([row = 1, row <= com.kms.katalon.core.testdata.TestDataFactory.findTestData(UserData).getRowNumbers(), (row++)]): Unable to verify element property value (Root cause: java.lang.NullPointerException: Cannot get property 'name' on null object)

2018-08-20 15:18:53 - [TEST_STEP][PASSED] - Statement - request = com.kms.katalon.core.testobject.ObjectRepository.findTestObject(API/GetUsers): Finding Test Object with id 'Object Repository/API/GetUsers'

2018-08-20 15:18:53 - [TEST_STEP][PASSED] - Statement - params.add(new com.kms.katalon.core.testobject.TestObjectProperty(id, com.kms.katalon.core.testobject.ConditionType.EQUALS, com.kms.katalon.core.testdata.TestDataFactory.findTestData(UserData).getValue(id, row))): Reading excel file with source file 'C:\Users\Ahmed\Katalon Studio\FirstRun\Data Files\Appointments.xlsx' and sheet name 'Sheet2'

2018-08-20 15:18:53 - [TEST_STEP][PASSED] - Statement - request.setRestParameters(params): null

2018-08-20 15:18:53 - [TEST_STEP][PASSED] - Statement - response = com.kms.katalon.core.webservice.keyword.WSBuiltInKeywords.sendRequest(request): Send request successfully

2018-08-20 15:18:53 - [MESSAGE][PASSED] - Send request successfully

2018-08-20 15:18:53 - [TEST_STEP][PASSED] - verifyResponseStatusCode: Verify response status code successfully

2018-08-20 15:18:53 - [MESSAGE][PASSED] - Verify response status code successfully

2018-08-20 15:18:53 - [TEST_STEP][FAILED] - verifyElementPropertyValue: Unable to verify element property value (Root cause: java.lang.NullPointerException: Cannot get property 'name' on null object)

2018-08-20 15:18:53 - [MESSAGE][FAILED] - Unable to verify element property value (Root cause: java.lang.NullPointerException: Cannot get property 'name' on null object)

2018-08-20 15:18:53 - [TEST_STEP][PASSED] - Start listener action : sampleAfterTestCase: Invoke 'com.kms.katalon.core.annotation.AfterTestCase' method: 'GeneralListeners.sampleAfterTestCase(...)' completed.

2018-08-20 15:18:53 - [TEST_STEP][PASSED] - Statement - println(testCaseContext.getTestCaseId()): null

2018-08-20 15:18:53 - [TEST_STEP][PASSED] - Statement - println(testCaseContext.getTestCaseStatus()): Invoke 'com.kms.katalon.core.annotation.AfterTestCase' method: 'GeneralListeners.sampleAfterTestCase(...)' completed.]]></system-out>
         <system-err><![CDATA[2018-08-20 15:18:52 - [TEST_CASE][FAILED] - Test Cases/WebserviceTest/GET/VerifyNameById: Test Cases/WebserviceTest/GET/VerifyNameById FAILED because (of) Unable to verify element property value (Root cause: java.lang.NullPointerException: Cannot get property 'name' on null object)]]></system-err>
      </testcase>
      <testcase name="Test Cases/WebserviceTest/PUT/EditUser" classname="Test Cases/WebserviceTest/PUT/EditUser" status="PASSED">
         <system-out><![CDATA[2018-08-20 15:18:53 - [TEST_CASE][PASSED] - Test Cases/WebserviceTest/PUT/EditUser: Test Cases/WebserviceTest/PUT/EditUser

2018-08-20 15:18:54 - [TEST_STEP][PASSED] - Start listener action : sampleBeforeTestCase: Invoke 'com.kms.katalon.core.annotation.BeforeTestCase' method: 'GeneralListeners.sampleBeforeTestCase(...)' completed.

2018-08-20 15:18:54 - [TEST_STEP][PASSED] - Statement - println(testCaseContext.getTestCaseId()): null

2018-08-20 15:18:54 - [TEST_STEP][PASSED] - Statement - println(testCaseContext.getTestCaseVariables()): Invoke 'com.kms.katalon.core.annotation.BeforeTestCase' method: 'GeneralListeners.sampleBeforeTestCase(...)' completed.

2018-08-20 15:18:54 - [TEST_STEP][PASSED] - Statement - dataFactory = new com.ahmedsoft.utilities.DataFactory(): null

2018-08-20 15:18:54 - [TEST_STEP][PASSED] - Statement - user = dataFactory.getLastUser(): Send request successfully

2018-08-20 15:18:54 - [MESSAGE][PASSED] - Send request successfully

2018-08-20 15:18:54 - [TEST_STEP][PASSED] - Statement - modifiedUser = dataFactory.modifyUser(user): null

2018-08-20 15:18:54 - [TEST_STEP][PASSED] - Statement - body = dataFactory.createStringifiedUser(modifiedUser): null

2018-08-20 15:18:54 - [TEST_STEP][PASSED] - Statement - request = com.kms.katalon.core.testobject.ObjectRepository.findTestObject(Object Repository/API/ModifyUser): Finding Test Object with id 'Object Repository/API/ModifyUser'

2018-08-20 15:18:54 - [TEST_STEP][PASSED] - Statement - request.setBodyContent(new com.kms.katalon.core.testobject.impl.HttpTextBodyContent(body, UTF-8, application/json)): null

2018-08-20 15:18:54 - [TEST_STEP][PASSED] - Statement - request.setRestUrl(request.getRestUrl() + user.getId()): null

2018-08-20 15:18:54 - [TEST_STEP][PASSED] - Statement - response = com.kms.katalon.core.webservice.keyword.WSBuiltInKeywords.sendRequest(request): Send request successfully

2018-08-20 15:18:54 - [MESSAGE][PASSED] - Send request successfully

2018-08-20 15:18:54 - [TEST_STEP][PASSED] - Statement - updatedUser = dataFactory.jsonifyUser(response.getResponseText(), com.ahmedsoft.utilities.User): null

2018-08-20 15:18:54 - [TEST_STEP][PASSED] - verifyEqual: Actual object 'com.ahmedsoft.utilities.User@17759b' and expected object 'com.ahmedsoft.utilities.User@17759b' are equal

2018-08-20 15:18:54 - [MESSAGE][PASSED] - Actual object 'com.ahmedsoft.utilities.User@17759b' and expected object 'com.ahmedsoft.utilities.User@17759b' are equal

2018-08-20 15:18:54 - [TEST_STEP][PASSED] - Start listener action : sampleAfterTestCase: Invoke 'com.kms.katalon.core.annotation.AfterTestCase' method: 'GeneralListeners.sampleAfterTestCase(...)' completed.

2018-08-20 15:18:54 - [TEST_STEP][PASSED] - Statement - println(testCaseContext.getTestCaseId()): null

2018-08-20 15:18:54 - [TEST_STEP][PASSED] - Statement - println(testCaseContext.getTestCaseStatus()): Invoke 'com.kms.katalon.core.annotation.AfterTestCase' method: 'GeneralListeners.sampleAfterTestCase(...)' completed.]]></system-out>
         <system-err><![CDATA[]]></system-err>
      </testcase>
      <system-out><![CDATA[2018-08-20 15:18:49 - [TEST_SUITE][FAILED] - WebServiceTests: Test Cases/WebserviceTest/GET/VerifyNameById FAILED because (of) Unable to verify element property value (Root cause: java.lang.NullPointerException: Cannot get property 'name' on null object)]]></system-out>
      <system-err><![CDATA[2018-08-20 15:18:49 - [TEST_SUITE][FAILED] - WebServiceTests: Test Cases/WebserviceTest/GET/VerifyNameById FAILED because (of) Unable to verify element property value (Root cause: java.lang.NullPointerException: Cannot get property 'name' on null object)]]></system-err>
   </testsuite>
</testsuites>
