<?xml version="1.0" encoding="UTF-8"?>
<testsuites name="MakeAppointment" time="35" tests="2" failures="0" errors="1">
   <testsuite name="MakeAppointment" tests="2" failures="0" errors="1" time="35" timestamp="2018-06-24 16:21:08" hostname="Ahmed - Lenovo-PC" id="Test Suites/Appointment/MakeAppointment">
      <properties>
         <property name="deviceName" value=""/>
         <property name="devicePlatform" value=""/>
         <property name="logFolder" value="C:\\Users\\Ahmed\\Katalon Studio\\FirstRun\\Reports\\Appointment\\MakeAppointment\\20180624_162059"/>
         <property name="logFiles" value="C:\\Users\\Ahmed\\Katalon Studio\\FirstRun\\Reports\\Appointment\\MakeAppointment\\20180624_162059\\execution0.log"/>
         <property name="attachments" value=""/>
         <property name="hostName" value="Ahmed - Lenovo-PC"/>
         <property name="os" value="Windows 8.1 64bit"/>
         <property name="katalonVersion" value="5.4.2.1"/>
         <property name="browser" value="Firefox 60.0"/>
         <property name="hostAddress" value="192.168.1.10"/>
         <property name="sessionId" value="126f6df0-a547-4054-b928-0abd19b5c4b3"/>
         <property name="seleniumVersion" value="3.7.1"/>
         <property name="proxyInformation" value="ProxyInformation{proxyOption=NO_PROXY, proxyServerType=HTTP, password=, proxyServerAddress=, proxyServerPort=0}"/>
         <property name="platform" value="Windows 8.1"/>
      </properties>
      <testcase name="Test Cases/Launch Web App/Open Home Page" classname="Test Cases/Launch Web App/Open Home Page" status="PASSED">
         <system-out><![CDATA[2018-06-24 16:21:10 - [TEST_CASE][PASSED] - Test Cases/Launch Web App/Open Home Page: Test Cases/Launch Web App/Open Home Page

2018-06-24 16:21:11 - [TEST_STEP][PASSED] - openBrowser: Browser is opened with url: 'http://demoaut.katalon.com/'

2018-06-24 16:21:34 - [MESSAGE][PASSED] - Browser is opened with url: 'http://demoaut.katalon.com/'

2018-06-24 16:21:34 - [TEST_STEP][PASSED] - verifyMatch: Actual text 'CURA Healthcare Service' and expected text 'CURA Healthcare Service' are matched 

2018-06-24 16:21:34 - [MESSAGE][PASSED] - Current window's title is: 'CURA Healthcare Service'

2018-06-24 16:21:34 - [MESSAGE][PASSED] - Actual text 'CURA Healthcare Service' and expected text 'CURA Healthcare Service' are matched]]></system-out>
         <system-err><![CDATA[]]></system-err>
      </testcase>
      <testcase name="Test Cases/Login/Login" classname="Test Cases/Login/Login" status="PASSED">
         <system-out><![CDATA[2018-06-24 16:21:34 - [TEST_CASE][PASSED] - Test Cases/Login/Login: Test Cases/Login/Login

2018-06-24 16:21:36 - [TEST_STEP][PASSED] - click: Object: 'Object Repository/SiteMenu/ToggleMenu' is clicked on

2018-06-24 16:21:36 - [MESSAGE][PASSED] - Object: 'Object Repository/SiteMenu/ToggleMenu' is clicked on

2018-06-24 16:21:36 - [TEST_STEP][PASSED] - click: Object: 'Object Repository/SiteMenu/LoginLink' is clicked on

2018-06-24 16:21:37 - [MESSAGE][PASSED] - Object: 'Object Repository/SiteMenu/LoginLink' is clicked on

2018-06-24 16:21:37 - [TEST_STEP][PASSED] - verifyElementVisible: Object 'Object Repository/LoginPage/Text_Please_Login' is visible

2018-06-24 16:21:38 - [MESSAGE][PASSED] - Object 'Object Repository/LoginPage/Text_Please_Login' is visible

2018-06-24 16:21:38 - [TEST_STEP][PASSED] - verifyElementVisible: Object 'Object Repository/LoginPage/LoginButton' is visible

2018-06-24 16:21:38 - [MESSAGE][PASSED] - Object 'Object Repository/LoginPage/LoginButton' is visible

2018-06-24 16:21:38 - [TEST_STEP][PASSED] - com.ahmedsoft.utilities.AppUtilities.login: com.ahmedsoft.utilities.AppUtilities.login is PASSED

2018-06-24 16:21:38 - [MESSAGE][PASSED] - Text 'John Doe' is set on object 'Object Repository/LoginPage/txt_Username'

2018-06-24 16:21:38 - [MESSAGE][PASSED] - Text 'ThisIsNotAPassword' is set on object 'Object Repository/LoginPage/txt_Password'

2018-06-24 16:21:39 - [MESSAGE][PASSED] - Object: 'Object Repository/LoginPage/LoginButton' is clicked on

2018-06-24 16:21:39 - [MESSAGE][PASSED] - com.ahmedsoft.utilities.AppUtilities.login is PASSED]]></system-out>
         <system-err><![CDATA[]]></system-err>
      </testcase>
      <testcase name="Test Cases/Make Appointment/MakeAppointment" classname="Test Cases/Make Appointment/MakeAppointment" status="ERROR">
         <error type="ERROR" message="Test Cases/Make Appointment/MakeAppointment FAILED because (of) Variable 'radioButton' is not defined for test case."/>
         <system-out><![CDATA[2018-06-24 16:21:39 - [TEST_CASE][ERROR] - Test Cases/Make Appointment/MakeAppointment: Test Cases/Make Appointment/MakeAppointment FAILED because (of) Variable 'radioButton' is not defined for test case.

2018-06-24 16:21:40 - [TEST_STEP][PASSED] - click: Object: 'Object Repository/SiteMenu/ToggleMenu' is clicked on

2018-06-24 16:21:40 - [MESSAGE][PASSED] - Object: 'Object Repository/SiteMenu/ToggleMenu' is clicked on

2018-06-24 16:21:40 - [TEST_STEP][PASSED] - verifyEqual: Actual object 'true' and expected object 'true' are equal

2018-06-24 16:21:40 - [MESSAGE][PASSED] - Object 'Object Repository/SiteMenu/LinkProfile' is visible

2018-06-24 16:21:41 - [MESSAGE][PASSED] - Object 'Object Repository/SiteMenu/LinkLogout' is visible

2018-06-24 16:21:41 - [MESSAGE][PASSED] - com.ahmedsoft.utilities.AppUtilities.isLoggedIn is PASSED

2018-06-24 16:21:41 - [MESSAGE][PASSED] - Actual object 'true' and expected object 'true' are equal

2018-06-24 16:21:41 - [TEST_STEP][PASSED] - click: Object: 'Object Repository/SiteMenu/ToggleMenu' is clicked on

2018-06-24 16:21:41 - [MESSAGE][PASSED] - Object: 'Object Repository/SiteMenu/ToggleMenu' is clicked on

2018-06-24 16:21:41 - [TEST_STEP][PASSED] - verifyElementVisible: Object 'Object Repository/AppointmentPage/Header_Make Appointment' is visible

2018-06-24 16:21:41 - [MESSAGE][PASSED] - Object 'Object Repository/AppointmentPage/Header_Make Appointment' is visible

2018-06-24 16:21:41 - [TEST_STEP][PASSED] - com.ahmedsoft.utilities.CommonUtilities.selectDropDownItemByText: com.ahmedsoft.utilities.CommonUtilities.selectDropDownItemByText is PASSED

2018-06-24 16:21:42 - [MESSAGE][PASSED] - com.ahmedsoft.utilities.CommonUtilities.selectDropDownItemByText is PASSED

2018-06-24 16:21:42 - [TEST_STEP][PASSED] - setText: Text 'This is only 
a test' is set on object 'Object Repository/AppointmentPage/textarea_comment'

2018-06-24 16:21:42 - [MESSAGE][PASSED] - Text 'This is only 
a test' is set on object 'Object Repository/AppointmentPage/textarea_comment'

2018-06-24 16:21:42 - [TEST_STEP][PASSED] - check: Object 'Object Repository/AppointmentPage/check_hospital_readmission' is checked

2018-06-24 16:21:43 - [MESSAGE][PASSED] - Object 'Object Repository/AppointmentPage/check_hospital_readmission' is checked

2018-06-24 16:21:43 - [TEST_STEP][ERROR] - check: No such property: radioButton for class: com.ahmedsoft.utilities.CommonUtilities

2018-06-24 16:21:43 - [MESSAGE][ERROR] - No such property: radioButton for class: com.ahmedsoft.utilities.CommonUtilities]]></system-out>
         <system-err><![CDATA[2018-06-24 16:21:39 - [TEST_CASE][ERROR] - Test Cases/Make Appointment/MakeAppointment: Test Cases/Make Appointment/MakeAppointment FAILED because (of) Variable 'radioButton' is not defined for test case.]]></system-err>
      </testcase>
      <system-out><![CDATA[2018-06-24 16:21:08 - [TEST_SUITE][ERROR] - MakeAppointment: Test Cases/Make Appointment/MakeAppointment FAILED because (of) Variable 'radioButton' is not defined for test case.]]></system-out>
      <system-err><![CDATA[2018-06-24 16:21:08 - [TEST_SUITE][ERROR] - MakeAppointment: Test Cases/Make Appointment/MakeAppointment FAILED because (of) Variable 'radioButton' is not defined for test case.]]></system-err>
   </testsuite>
</testsuites>
