<?xml version="1.0" encoding="UTF-8"?>
<testsuites name="MakeAppointment" time="38" tests="2" failures="0" errors="1">
   <testsuite name="MakeAppointment" tests="2" failures="0" errors="1" time="38" timestamp="2018-07-21 22:38:38" hostname="Ahmed - Lenovo-PC" id="Test Suites/Appointment/MakeAppointment">
      <properties>
         <property name="deviceName" value=""/>
         <property name="devicePlatform" value=""/>
         <property name="logFolder" value="C:\\Users\\Ahmed\\Katalon Studio\\FirstRun\\Reports\\Appointment\\MakeAppointment\\20180721_223831"/>
         <property name="logFiles" value="C:\\Users\\Ahmed\\Katalon Studio\\FirstRun\\Reports\\Appointment\\MakeAppointment\\20180721_223831\\execution0.log"/>
         <property name="attachments" value=""/>
         <property name="hostName" value="Ahmed - Lenovo-PC"/>
         <property name="os" value="Windows 8.1 64bit"/>
         <property name="katalonVersion" value="5.5.0.1"/>
         <property name="browser" value="Firefox 60.0"/>
         <property name="hostAddress" value="192.168.1.2"/>
         <property name="sessionId" value="9f68a959-596d-41fd-b462-2a02f1c853d9"/>
         <property name="seleniumVersion" value="3.7.1"/>
         <property name="proxyInformation" value="ProxyInformation{proxyOption=NO_PROXY, proxyServerType=HTTP, password=, proxyServerAddress=, proxyServerPort=0}"/>
         <property name="platform" value="Windows 8.1"/>
      </properties>
      <testcase name="Test Cases/Launch Web App/Open Home Page" classname="Test Cases/Launch Web App/Open Home Page" status="PASSED">
         <system-out><![CDATA[2018-07-21 22:38:40 - [TEST_CASE][PASSED] - Test Cases/Launch Web App/Open Home Page: Test Cases/Launch Web App/Open Home Page

2018-07-21 22:38:41 - [TEST_STEP][PASSED] - openBrowser: Browser is opened with url: 'http://demoaut.katalon.com/'

2018-07-21 22:39:05 - [MESSAGE][PASSED] - Browser is opened with url: 'http://demoaut.katalon.com/'

2018-07-21 22:39:05 - [TEST_STEP][PASSED] - verifyMatch: Actual text 'CURA Healthcare Service' and expected text 'CURA Healthcare Service' are matched 

2018-07-21 22:39:07 - [MESSAGE][PASSED] - Current window's title is: 'CURA Healthcare Service'

2018-07-21 22:39:07 - [MESSAGE][PASSED] - Actual text 'CURA Healthcare Service' and expected text 'CURA Healthcare Service' are matched]]></system-out>
         <system-err><![CDATA[]]></system-err>
      </testcase>
      <testcase name="Test Cases/Login/Login" classname="Test Cases/Login/Login" status="PASSED">
         <system-out><![CDATA[2018-07-21 22:39:07 - [TEST_CASE][PASSED] - Test Cases/Login/Login: Test Cases/Login/Login

2018-07-21 22:39:08 - [TEST_STEP][PASSED] - click: Object: 'Object Repository/SiteMenu/ToggleMenu' is clicked on

2018-07-21 22:39:09 - [MESSAGE][PASSED] - Object: 'Object Repository/SiteMenu/ToggleMenu' is clicked on

2018-07-21 22:39:09 - [TEST_STEP][PASSED] - click: Object: 'Object Repository/SiteMenu/LoginLink' is clicked on

2018-07-21 22:39:11 - [MESSAGE][PASSED] - Object: 'Object Repository/SiteMenu/LoginLink' is clicked on

2018-07-21 22:39:11 - [TEST_STEP][PASSED] - verifyElementVisible: Object 'Object Repository/LoginPage/Text_Please_Login' is visible

2018-07-21 22:39:12 - [MESSAGE][PASSED] - Object 'Object Repository/LoginPage/Text_Please_Login' is visible

2018-07-21 22:39:12 - [TEST_STEP][PASSED] - verifyElementVisible: Object 'Object Repository/LoginPage/LoginButton' is visible

2018-07-21 22:39:12 - [MESSAGE][PASSED] - Object 'Object Repository/LoginPage/LoginButton' is visible

2018-07-21 22:39:12 - [TEST_STEP][PASSED] - com.ahmedsoft.utilities.AppUtilities.login: com.ahmedsoft.utilities.AppUtilities.login is PASSED

2018-07-21 22:39:14 - [MESSAGE][PASSED] - Text 'John Doe' is set on object 'Object Repository/LoginPage/txt_Username'

2018-07-21 22:39:14 - [MESSAGE][PASSED] - Text 'ThisIsNotAPassword' is set on object 'Object Repository/LoginPage/txt_Password'

2018-07-21 22:39:15 - [MESSAGE][PASSED] - Object: 'Object Repository/LoginPage/LoginButton' is clicked on

2018-07-21 22:39:15 - [MESSAGE][PASSED] - com.ahmedsoft.utilities.AppUtilities.login is PASSED]]></system-out>
         <system-err><![CDATA[]]></system-err>
      </testcase>
      <testcase name="Test Cases/Make Appointment/BookAppointment" classname="Test Cases/Make Appointment/BookAppointment" status="ERROR">
         <error type="ERROR" message="Test Cases/Make Appointment/BookAppointment FAILED because (of) java.lang.IllegalArgumentException: Cannot find test data with id 'Data Files/AppointmentData' because (of) 'java.lang.IllegalArgumentException: Test data with id 'Data Files/AppointmentData' does not exist'"/>
         <system-out><![CDATA[2018-07-21 22:39:15 - [TEST_CASE][ERROR] - Test Cases/Make Appointment/BookAppointment: Test Cases/Make Appointment/BookAppointment FAILED because (of) java.lang.IllegalArgumentException: Cannot find test data with id 'Data Files/AppointmentData' because (of) 'java.lang.IllegalArgumentException: Test data with id 'Data Files/AppointmentData' does not exist'

2018-07-21 22:39:15 - [TEST_STEP][PASSED] - click: Object: 'Object Repository/SiteMenu/ToggleMenu' is clicked on

2018-07-21 22:39:15 - [MESSAGE][PASSED] - Object: 'Object Repository/SiteMenu/ToggleMenu' is clicked on

2018-07-21 22:39:15 - [TEST_STEP][PASSED] - verifyEqual: Actual object 'true' and expected object 'true' are equal

2018-07-21 22:39:15 - [MESSAGE][PASSED] - Object 'Object Repository/SiteMenu/LinkProfile' is visible

2018-07-21 22:39:16 - [MESSAGE][PASSED] - Object 'Object Repository/SiteMenu/LinkLogout' is visible

2018-07-21 22:39:16 - [MESSAGE][PASSED] - com.ahmedsoft.utilities.AppUtilities.isLoggedIn is PASSED

2018-07-21 22:39:16 - [MESSAGE][PASSED] - Actual object 'true' and expected object 'true' are equal

2018-07-21 22:39:16 - [TEST_STEP][PASSED] - click: Object: 'Object Repository/SiteMenu/ToggleMenu' is clicked on

2018-07-21 22:39:16 - [MESSAGE][PASSED] - Object: 'Object Repository/SiteMenu/ToggleMenu' is clicked on

2018-07-21 22:39:16 - [TEST_STEP][PASSED] - Statement - For ([row = 1, row < com.kms.katalon.core.testdata.TestDataFactory.findTestData(AppointmentData).getRowNumbers(), (row++)]): Finding test data with id 'Data Files/AppointmentData']]></system-out>
         <system-err><![CDATA[2018-07-21 22:39:15 - [TEST_CASE][ERROR] - Test Cases/Make Appointment/BookAppointment: Test Cases/Make Appointment/BookAppointment FAILED because (of) java.lang.IllegalArgumentException: Cannot find test data with id 'Data Files/AppointmentData' because (of) 'java.lang.IllegalArgumentException: Test data with id 'Data Files/AppointmentData' does not exist']]></system-err>
      </testcase>
      <system-out><![CDATA[2018-07-21 22:38:38 - [TEST_SUITE][ERROR] - MakeAppointment: Test Cases/Make Appointment/BookAppointment FAILED because (of) java.lang.IllegalArgumentException: Cannot find test data with id 'Data Files/AppointmentData' because (of) 'java.lang.IllegalArgumentException: Test data with id 'Data Files/AppointmentData' does not exist']]></system-out>
      <system-err><![CDATA[2018-07-21 22:38:38 - [TEST_SUITE][ERROR] - MakeAppointment: Test Cases/Make Appointment/BookAppointment FAILED because (of) java.lang.IllegalArgumentException: Cannot find test data with id 'Data Files/AppointmentData' because (of) 'java.lang.IllegalArgumentException: Test data with id 'Data Files/AppointmentData' does not exist']]></system-err>
   </testsuite>
</testsuites>
